0100100001000101010011000100110001001111 0101011101001111010100100100110001000100
0100001101001000010001010100001101001011 01010100010010000100100101010011
01000001 01000010
0100100001000101010011000100110001001111 0101011101001111010100100100110001000100
0100001101001000010001010100001101001011 01010100010010000100100101010011
01000001 01000010
0100100001000101010011000100110001001111 0101011101001111010100100100110001000100
0100001101001000010001010100001101001011 01010100010010000100100101010011
01000001 01000010
0100100001000101010011000100110001001111 0101011101001111010100100100110001000100
0100001101001000010001010100001101001011 01010100010010000100100101010011
01000001 01000010
0100100001000101010011000100110001001111 0101011101001111010100100100110001000100
0100001101001000010001010100001101001011 01010100010010000100100101010011
01000001 01000010
0100100001000101010011000100110001001111 0101011101001111010100100100110001000100
0100001101001000010001010100001101001011 01010100010010000100100101010011
01000001 01000010
0100100001000101010011000100110001001111 0101011101001111010100100100110001000100
0100001101001000010001010100001101001011 01010100010010000100100101010011
01000001 01000010
0100100001000101010011000100110001001111 0101011101001111010100100100110001000100
0100001101001000010001010100001101001011 01010100010010000100100101010011
01000001 01000010
0100100001000101010011000100110001001111 0101011101001111010100100100110001000100
0100001101001000010001010100001101001011 01010100010010000100100101010011
01000001 01000010
0100100001000101010011000100110001001111 0101011101001111010100100100110001000100
0100001101001000010001010100001101001011 01010100010010000100100101010011
01000001 01000010
0100100001000101010011000100110001001111 0101011101001111010100100100110001000100
0100001101001000010001010100001101001011 01010100010010000100100101010011
01000001 01000010
0100100001000101010011000100110001001111 0101011101001111010100100100110001000100
0100001101001000010001010100001101001011 01010100010010000100100101010011
01000001 01000010
0100100001000101010011000100110001001111 0101011101001111010100100100110001000100
0100001101001000010001010100001101001011 01010100010010000100100101010011
01000001 01000010
0100100001000101010011000100110001001111 0101011101001111010100100100110001000100
0100001101001000010001010100001101001011 01010100010010000100100101010011
01000001 01000010
0100100001000101010011000100110001001111 0101011101001111010100100100110001000100
0100001101001000010001010100001101001011 01010100010010000100100101010011
01000001 01000010
0100100001000101010011000100110001001111 0101011101001111010100100100110001000100
0100001101001000010001010100001101001011 01010100010010000100100101010011
01000001 01000010
0100100001000101010011000100110001001111 0101011101001111010100100100110001000100
0100001101001000010001010100001101001011 01010100010010000100100101010011
01000001 01000010
0100100001000101010011000100110001001111 0101011101001111010100100100110001000100
0100001101001000010001010100001101001011 01010100010010000100100101010011
01000001 01000010
0100100001000101010011000100110001001111 0101011101001111010100100100110001000100
0100001101001000010001010100001101001011 01010100010010000100100101010011
01000001 01000010
0100100001000101010011000100110001001111 0101011101001111010100100100110001000100
0100001101001000010001010100001101001011 01010100010010000100100101010011
01000001 01000010
0100100001000101010011000100110001001111 0101011101001111010100100100110001000100
0100001101001000010001010100001101001011 01010100010010000100100101010011
01000001 01000010
0100100001000101010011000100110001001111 0101011101001111010100100100110001000100
0100001101001000010001010100001101001011 01010100010010000100100101010011
01000001 01000010
0100100001000101010011000100110001001111 0101011101001111010100100100110001000100
0100001101001000010001010100001101001011 01010100010010000100100101010011
01000001 01000010
0100100001000101010011000100110001001111 0101011101001111010100100100110001000100
0100001101001000010001010100001101001011 01010100010010000100100101010011
01000001 01000010
0100100001000101010011000100110001001111 0101011101001111010100100100110001000100
0100001101001000010001010100001101001011 01010100010010000100100101010011
01000001 01000010
0100100001000101010011000100110001001111 0101011101001111010100100100110001000100
0100001101001000010001010100001101001011 01010100010010000100100101010011
01000001 01000010
0100100001000101010011000100110001001111 0101011101001111010100100100110001000100
0100001101001000010001010100001101001011 01010100010010000100100101010011
01000001 01000010
0100100001000101010011000100110001001111 0101011101001111010100100100110001000100
0100001101001000010001010100001101001011 01010100010010000100100101010011
01000001 01000010
0100100001000101010011000100110001001111 0101011101001111010100100100110001000100
0100001101001000010001010100001101001011 01010100010010000100100101010011
01000001 01000010
0100100001000101010011000100110001001111 0101011101001111010100100100110001000100
0100001101001000010001010100001101001011 01010100010010000100100101010011
01000001 01000010
0100100001000101010011000100110001001111 0101011101001111010100100100110001000100
0100001101001000010001010100001101001011 01010100010010000100100101010011
01000001 01000010
0100100001000101010011000100110001001111 0101011101001111010100100100110001000100
0100001101001000010001010100001101001011 01010100010010000100100101010011
01000001 01000010
0100100001000101010011000100110001001111 0101011101001111010100100100110001000100
0100001101001000010001010100001101001011 01010100010010000100100101010011
01000001 01000010
0100100001000101010011000100110001001111 0101011101001111010100100100110001000100
0100001101001000010001010100001101001011 01010100010010000100100101010011
01000001 01000010
0100100001000101010011000100110001001111 0101011101001111010100100100110001000100
0100001101001000010001010100001101001011 01010100010010000100100101010011
01000001 01000010
0100100001000101010011000100110001001111 0101011101001111010100100100110001000100
0100001101001000010001010100001101001011 01010100010010000100100101010011
01000001 01000010
0100100001000101010011000100110001001111 0101011101001111010100100100110001000100
0100001101001000010001010100001101001011 01010100010010000100100101010011
01000001 01000010
0100100001000101010011000100110001001111 0101011101001111010100100100110001000100
0100001101001000010001010100001101001011 01010100010010000100100101010011
01000001 01000010
0100100001000101010011000100110001001111 0101011101001111010100100100110001000100
0100001101001000010001010100001101001011 01010100010010000100100101010011
01000001 01000010
0100100001000101010011000100110001001111 0101011101001111010100100100110001000100
0100001101001000010001010100001101001011 01010100010010000100100101010011
01000001 01000010
0100100001000101010011000100110001001111 0101011101001111010100100100110001000100
0100001101001000010001010100001101001011 01010100010010000100100101010011
01000001 01000010
0100100001000101010011000100110001001111 0101011101001111010100100100110001000100
0100001101001000010001010100001101001011 01010100010010000100100101010011
01000001 01000010
0100100001000101010011000100110001001111 0101011101001111010100100100110001000100
0100001101001000010001010100001101001011 01010100010010000100100101010011
01000001 01000010
0100100001000101010011000100110001001111 0101011101001111010100100100110001000100
0100001101001000010001010100001101001011 01010100010010000100100101010011
01000001 01000010
0100100001000101010011000100110001001111 0101011101001111010100100100110001000100
0100001101001000010001010100001101001011 01010100010010000100100101010011
01000001 01000010
0100100001000101010011000100110001001111 0101011101001111010100100100110001000100
0100001101001000010001010100001101001011 01010100010010000100100101010011
01000001 01000010
0100100001000101010011000100110001001111 0101011101001111010100100100110001000100
0100001101001000010001010100001101001011 01010100010010000100100101010011
01000001 01000010
0100100001000101010011000100110001001111 0101011101001111010100100100110001000100
0100001101001000010001010100001101001011 01010100010010000100100101010011
01000001 01000010
0100100001000101010011000100110001001111 0101011101001111010100100100110001000100
0100001101001000010001010100001101001011 01010100010010000100100101010011
01000001 01000010
0100100001000101010011000100110001001111 0101011101001111010100100100110001000100
0100001101001000010001010100001101001011 01010100010010000100100101010011
01000001 01000010
0100100001000101010011000100110001001111 0101011101001111010100100100110001000100
0100001101001000010001010100001101001011 01010100010010000100100101010011
01000001 01000010
0100100001000101010011000100110001001111 0101011101001111010100100100110001000100
0100001101001000010001010100001101001011 01010100010010000100100101010011
01000001 01000010
0100100001000101010011000100110001001111 0101011101001111010100100100110001000100
0100001101001000010001010100001101001011 01010100010010000100100101010011
01000001 01000010
0100100001000101010011000100110001001111 0101011101001111010100100100110001000100
0100001101001000010001010100001101001011 01010100010010000100100101010011
01000001 01000010
0100100001000101010011000100110001001111 0101011101001111010100100100110001000100
0100001101001000010001010100001101001011 01010100010010000100100101010011
01000001 01000010
0100100001000101010011000100110001001111 0101011101001111010100100100110001000100
0100001101001000010001010100001101001011 01010100010010000100100101010011
01000001 01000010
0100100001000101010011000100110001001111 0101011101001111010100100100110001000100
010010000100010101011001 010110010100111101010101
0100001101001000010001010100001101001011 01010100010010000100100101010011
01000001 01000010
