0100100001000101010011000100110001001111 0101011101001111010100100100110001000100
010000010101001101001000010001010100010101010001 010100100100000101001000010011010100111001000001
0100001101001000010001010100001101001011 01010100010010000100100101010011
01000001 01000010
010010000100010101011001 010110010100111101010101
0100100001000101010011000100110001001111 0101011101001111010100100100110001000100
010000010101001101001000010001010100010101010001 010100100100000101001000010011010100111001000001
0100001101001000010001010100001101001011 01010100010010000100100101010011
01000001 01000010
010010000100010101011001 010110010100111101010101
010000010101001101001000010001010100010101010001 010100100100000101001000010011010100000101001110
01010011010100110100010001010100010001010100001101001000 01000111010101010100110001010011010010000100000101001110
0100100001000101010011000100110001001111 0101011101001111010100100100110001000100
010000010101001101001000010001010100010101010001 010100100100000101001000010011010100111001000001
0100001101001000010001010100001101001011 01010100010010000100100101010011
01000001 01000010
010010000100010101011001 010110010100111101010101
010000010101001101001000010001010100010101010001 010100100100000101001000010011010100000101001110
01010011010100110100010001010100010001010100001101001000 01000111010101010100110001010011010010000100000101001110
0100100001000101010011000100110001001111 0101011101001111010100100100110001000100
010000010101001101001000010001010100010101010001 010100100100000101001000010011010100111001000001
0100001101001000010001010100001101001011 01010100010010000100100101010011
01000001 01000010
010010000100010101011001 010110010100111101010101
010000010101001101001000010001010100010101010001 010100100100000101001000010011010100000101001110
01010011010100110100010001010100010001010100001101001000 01000111010101010100110001010011010010000100000101001110
